#
# There is insufficient memory for the Java Runtime Environment to continue.
# Native memory allocation (mmap) failed to map 268435456 bytes for G1 virtual space
# Possible reasons:
#   The system is out of physical RAM or swap space
#   The process is running with CompressedOops enabled, and the Java Heap may be blocking the growth of the native heap
# Possible solutions:
#   Reduce memory load on the system
#   Increase physical memory or swap space
#   Check if swap backing store is full
#   Decrease Java heap size (-Xmx/-Xms)
#   Decrease number of Java threads
#   Decrease Java thread stack sizes (-Xss)
#   Set larger code cache with -XX:ReservedCodeCacheSize=
#   JVM is running with Zero Based Compressed Oops mode in which the Java heap is
#     placed in the first 32GB address space. The Java Heap base address is the
#     maximum limit for the native heap growth. Please use -XX:HeapBaseMinAddress
#     to set the Java Heap base and to place the Java Heap above 32GB virtual address.
# This output file may be truncated or incomplete.
#
#  Out of Memory Error (./open/src/hotspot/os/windows/os_windows.cpp:3472), pid=31608, tid=31688
#
# JRE version:  (15.0.1+9) (build )
# Java VM: Java HotSpot(TM) 64-Bit Server VM (15.0.1+9-18, mixed mode, sharing, tiered, compressed oops, g1 gc, windows-amd64)
# No core dump will be written. Minidumps are not enabled by default on client versions of Windows
#

---------------  S U M M A R Y ------------

Command Line: -Dfile.encoding=windows-1258 -Duser.country=US -Duser.language=en -Duser.variant Bai73.Main

Host: Intel(R) Core(TM) i5-4570 CPU @ 3.20GHz, 4 cores, 15G,  Windows 10 , 64 bit Build 18362 (10.0.18362.1110)
Time: Sat Dec  5 00:59:35 2020 SE Asia Standard Time elapsed time: 0.009020 seconds (0d 0h 0m 0s)

---------------  T H R E A D  ---------------

Current thread (0x000002a42e2835f0):  JavaThread "Unknown thread" [_thread_in_vm, id=31688, stack(0x000000b228700000,0x000000b228800000)]

Stack: [0x000000b228700000,0x000000b228800000]
Native frames: (J=compiled Java code, j=interpreted, Vv=VM code, C=native code)
V  [jvm.dll+0x62ae9a]
V  [jvm.dll+0x781389]
V  [jvm.dll+0x782ae3]
V  [jvm.dll+0x783143]
V  [jvm.dll+0x216265]
V  [jvm.dll+0x6281d9]
V  [jvm.dll+0x61cd15]
V  [jvm.dll+0x2d01fd]
V  [jvm.dll+0x2d0062]
V  [jvm.dll+0x2d603c]
V  [jvm.dll+0x325b2a]
V  [jvm.dll+0x3251f4]
V  [jvm.dll+0x2a717a]
V  [jvm.dll+0x2a8318]
V  [jvm.dll+0x75e101]
V  [jvm.dll+0x3343e4]
V  [jvm.dll+0x73e826]
V  [jvm.dll+0x3b7777]
V  [jvm.dll+0x3b9201]
C  [jli.dll+0x52fb]
C  [ucrtbase.dll+0x210b2]
C  [KERNEL32.DLL+0x17c24]
C  [ntdll.dll+0x6d4d1]


---------------  P R O C E S S  ---------------

Threads class SMR info:
_java_thread_list=0x00007ffd31fd4ff0, length=0, elements={
}

Java Threads: ( => current thread )

Other Threads:
  0x000002a42e2d1ca0 GCTaskThread "GC Thread#0" [stack: 0x000000b228800000,0x000000b228900000] [id=31644]
  0x000002a42e2e3c20 ConcurrentGCThread "G1 Main Marker" [stack: 0x000000b228900000,0x000000b228a00000] [id=31568]
  0x000002a42e2e5ed0 ConcurrentGCThread "G1 Conc#0" [stack: 0x000000b228a00000,0x000000b228b00000] [id=31484]

[error occurred during error reporting (printing all threads), id 0xc0000005, EXCEPTION_ACCESS_VIOLATION (0xc0000005) at pc=0x00007ffd317c8047]

VM state: not at safepoint (not fully initialized)

VM Mutex/Monitor currently owned by a thread:  ([mutex/lock_event])
[0x000002a42e27ff40] Heap_lock - owner thread: 0x000002a42e2835f0

Heap address: 0x0000000700e00000, size: 4082 MB, Compressed Oops mode: Zero based, Oop shift amount: 3
CDS archive(s) mapped at: [0x0000000000000000-0x0000000000000000-0x0000000000000000), size 0, SharedBaseAddress: 0x0000000800000000, ArchiveRelocationMode: 0.
Narrow klass base: 0x0000000000000000, Narrow klass shift: 0, Narrow klass range: 0x0

Heap:
 garbage-first heap   total 262144K, used 0K [0x0000000700e00000, 0x0000000800000000)
  region size 2048K, 0 young (0K), 0 survivors (0K)
 Metaspace       used 0K, capacity 0K, committed 0K, reserved 0K
  class space    used 0K, capacity 0K, committed 0K, reserved 0K

Heap Regions: E=young(eden), S=young(survivor), O=old, HS=humongous(starts), HC=humongous(continues), CS=collection set, F=free, OA=open archive, CA=closed archive, TAMS=top-at-mark-start (previous, next)

Card table byte_map: [0x000002a445cb0000,0x000002a4464b0000] _byte_map_base: 0x000002a4424a9000

Marking Bits (Prev, Next): (CMBitMap*) 0x000002a42e2d33b0, (CMBitMap*) 0x000002a42e2d33f0
 Prev Bits: [0x000002a446cb0000, 0x000002a44ac78000)
 Next Bits: [0x000002a44ac80000, 0x000002a44ec48000)

GC Heap History (0 events):
No events

Deoptimization events (0 events):
No events

Classes unloaded (0 events):
No events

Classes redefined (0 events):
No events

Internal exceptions (0 events):
No events

Events (1 events):
Event: 0.005 Loaded shared library C:\Program Files\Java\jdk-15.0.1\bin\java.dll


Dynamic libraries:
0x00007ff7dc950000 - 0x00007ff7dc95f000 	C:\Program Files\Java\jdk-15.0.1\bin\java.exe
0x00007ffdad4e0000 - 0x00007ffdad6d0000 	C:\Windows\SYSTEM32\ntdll.dll
0x00007ffdad330000 - 0x00007ffdad3e2000 	C:\Windows\System32\KERNEL32.DLL
0x00007ffdaa6b0000 - 0x00007ffdaa955000 	C:\Windows\System32\KERNELBASE.dll
0x00007ffdab460000 - 0x00007ffdab55a000 	C:\Windows\System32\ucrtbase.dll
0x00007ffd96ab0000 - 0x00007ffd96ac9000 	C:\Program Files\Java\jdk-15.0.1\bin\VCRUNTIME140.dll
0x00007ffda09c0000 - 0x00007ffda09d8000 	C:\Program Files\Java\jdk-15.0.1\bin\jli.dll
0x00007ffdad3f0000 - 0x00007ffdad493000 	C:\Windows\System32\ADVAPI32.dll
0x00007ffdac560000 - 0x00007ffdac5fe000 	C:\Windows\System32\msvcrt.dll
0x00007ffdab8a0000 - 0x00007ffdab937000 	C:\Windows\System32\sechost.dll
0x00007ffdac370000 - 0x00007ffdac490000 	C:\Windows\System32\RPCRT4.dll
0x00007ffdacf80000 - 0x00007ffdad114000 	C:\Windows\System32\USER32.dll
0x00007ffdaa5d0000 - 0x00007ffdaa5f1000 	C:\Windows\System32\win32u.dll
0x00007ffd950b0000 - 0x00007ffd95334000 	C:\Windows\WinSxS\amd64_microsoft.windows.common-controls_6595b64144ccf1df_6.0.18362.1198_none_9e820b57e45ad92f\COMCTL32.dll
0x00007ffdab5a0000 - 0x00007ffdab5c6000 	C:\Windows\System32\GDI32.dll
0x00007ffdab9f0000 - 0x00007ffdabd25000 	C:\Windows\System32\combase.dll
0x00007ffdaaa00000 - 0x00007ffdaab96000 	C:\Windows\System32\gdi32full.dll
0x00007ffdab3e0000 - 0x00007ffdab460000 	C:\Windows\System32\bcryptPrimitives.dll
0x00007ffdaa960000 - 0x00007ffdaa9fe000 	C:\Windows\System32\msvcp_win.dll
0x00007ffda4940000 - 0x00007ffda494a000 	C:\Windows\SYSTEM32\VERSION.dll
0x00007ffdad290000 - 0x00007ffdad2be000 	C:\Windows\System32\IMM32.DLL
0x00007ffd9a510000 - 0x00007ffd9a51c000 	C:\Program Files\Java\jdk-15.0.1\bin\vcruntime140_1.dll
0x00007ffd82390000 - 0x00007ffd82421000 	C:\Program Files\Java\jdk-15.0.1\bin\msvcp140.dll
0x00007ffd31510000 - 0x00007ffd3206e000 	C:\Program Files\Java\jdk-15.0.1\bin\server\jvm.dll
0x00007ffdab800000 - 0x00007ffdab808000 	C:\Windows\System32\PSAPI.DLL
0x00007ffd9a730000 - 0x00007ffd9a739000 	C:\Windows\SYSTEM32\WSOCK32.dll
0x00007ffda8420000 - 0x00007ffda8444000 	C:\Windows\SYSTEM32\WINMM.dll
0x00007ffdad2c0000 - 0x00007ffdad32f000 	C:\Windows\System32\WS2_32.dll
0x00007ffda83c0000 - 0x00007ffda83ed000 	C:\Windows\SYSTEM32\winmmbase.dll
0x00007ffdab390000 - 0x00007ffdab3da000 	C:\Windows\System32\cfgmgr32.dll
0x00007ffdaa3a0000 - 0x00007ffdaa3b1000 	C:\Windows\System32\kernel.appcore.dll
0x00007ffd99b10000 - 0x00007ffd99b1a000 	C:\Program Files\Java\jdk-15.0.1\bin\jimage.dll
0x00007ffd9c770000 - 0x00007ffd9c964000 	C:\Windows\SYSTEM32\DBGHELP.DLL
0x00007ffd9c5b0000 - 0x00007ffd9c5da000 	C:\Windows\SYSTEM32\dbgcore.DLL
0x00007ffd84830000 - 0x00007ffd84855000 	C:\Program Files\Java\jdk-15.0.1\bin\java.dll

dbghelp: loaded successfully - version: 4.0.5 - missing functions: none
symbol engine: initialized successfully - sym options: 0x614 - pdb path: .;C:\Program Files\Java\jdk-15.0.1\bin;C:\Windows\SYSTEM32;C:\Windows\WinSxS\amd64_microsoft.windows.common-controls_6595b64144ccf1df_6.0.18362.1198_none_9e820b57e45ad92f;C:\Program Files\Java\jdk-15.0.1\bin\server

VM Arguments:
jvm_args: -Dfile.encoding=windows-1258 -Duser.country=US -Duser.language=en -Duser.variant 
java_command: Bai73.Main
java_class_path (initial): C:\Users\vmtni\OneDrive\Documents\NetBeansProjects\Java_Module8\build\classes\java\main;C:\Users\vmtni\OneDrive\Documents\NetBeansProjects\Java_Module8\build\resources\main
Launcher Type: SUN_STANDARD

[Global flags]
     intx CICompilerCount                          = 3                                         {product} {ergonomic}
     uint ConcGCThreads                            = 1                                         {product} {ergonomic}
     uint G1ConcRefinementThreads                  = 4                                         {product} {ergonomic}
   size_t G1HeapRegionSize                         = 2097152                                   {product} {ergonomic}
    uintx GCDrainStackTargetSize                   = 64                                        {product} {ergonomic}
   size_t InitialHeapSize                          = 268435456                                 {product} {ergonomic}
   size_t MarkStackSize                            = 4194304                                   {product} {ergonomic}
   size_t MaxHeapSize                              = 4280287232                                {product} {ergonomic}
   size_t MinHeapDeltaBytes                        = 2097152                                   {product} {ergonomic}
   size_t MinHeapSize                              = 8388608                                   {product} {ergonomic}
    uintx NonNMethodCodeHeapSize                   = 5832780                                {pd product} {ergonomic}
    uintx NonProfiledCodeHeapSize                  = 122912730                              {pd product} {ergonomic}
    uintx ProfiledCodeHeapSize                     = 122912730                              {pd product} {ergonomic}
    uintx ReservedCodeCacheSize                    = 251658240                              {pd product} {ergonomic}
     bool SegmentedCodeCache                       = true                                      {product} {ergonomic}
   size_t SoftMaxHeapSize                          = 4280287232                             {manageable} {ergonomic}
     bool UseCompressedClassPointers               = true                                 {lp64_product} {ergonomic}
     bool UseCompressedOops                        = true                                 {lp64_product} {ergonomic}
     bool UseG1GC                                  = true                                      {product} {ergonomic}
     bool UseLargePagesIndividualAllocation        = false                                  {pd product} {ergonomic}

Logging:
Log output configuration:
 #0: stdout all=warning uptime,level,tags
 #1: stderr all=off uptime,level,tags

Environment Variables:
PATH=C:\Program Files\Common Files\Oracle\Java\javapath;C:\Windows\system32;C:\Windows;C:\Windows\System32\Wbem;C:\Windows\System32\WindowsPowerShell\v1.0\;C:\Windows\System32\OpenSSH\;C:\Program Files\Java\jdk-13.0.2\bin;C:\Program Files\Microsoft SQL Server\Client SDK\ODBC\170\Tools\Binn\;C:\Program Files (x86)\Microsoft SQL Server\150\Tools\Binn\;C:\Program Files\Microsoft SQL Server\150\Tools\Binn\;C:\Program Files\Microsoft SQL Server\150\DTS\Binn\;C:\Program Files (x86)\Microsoft SQL Server\150\DTS\Binn\;C:\Program Files\Git\cmd;C:\Program Files\dotnet\;C:\Users\vmtni\AppData\Local\Programs\Python\Python38-32\Scripts\;C:\Users\vmtni\AppData\Local\Programs\Python\Python38-32\;C:\Users\vmtni\AppData\Local\Microsoft\WindowsApps;;C:\Users\vmtni\AppData\Local\Programs\Microsoft VS Code\bin;C:\Users\vmtni\.dotnet\tools;C:\Program Files\JetBrains\PyCharm Community Edition 2020.2.3\bin;
USERNAME=vmtni
OS=Windows_NT
PROCESSOR_IDENTIFIER=Intel64 Family 6 Model 60 Stepping 3, GenuineIntel



---------------  S Y S T E M  ---------------

OS:
 Windows 10 , 64 bit Build 18362 (10.0.18362.1110)
OS uptime: 2 days 4:21 hours

CPU: total 4 (initial active 4) (4 cores per cpu, 1 threads per core) family 6 model 60 stepping 3 microcode 0x25, cmov, cx8, fxsr, mmx, sse, sse2, sse3, ssse3, sse4.1, sse4.2, popcnt, vzeroupper, avx, avx2, aes, clmul, erms, lzcnt, tsc, tscinvbit, bmi1, bmi2, fma, clflush

Memory: 4k page, system-wide physical 16326M (2368M free)
TotalPageFile size 39729M (AvailPageFile size 230M)
current process WorkingSet (physical memory assigned to process): 10M, peak: 10M
current process commit charge ("private bytes"): 52M, peak: 308M

vm_info: Java HotSpot(TM) 64-Bit Server VM (15.0.1+9-18) for windows-amd64 JRE (15.0.1+9-18), built on Sep 15 2020 14:43:54 by "mach5one" with unknown MS VC++:1925

END.
