#
# There is insufficient memory for the Java Runtime Environment to continue.
# Native memory allocation (mmap) failed to map 268435456 bytes for Failed to commit area from 0x0000000700e00000 to 0x0000000710e00000 of length 268435456.
# Possible reasons:
#   The system is out of physical RAM or swap space
#   The process is running with CompressedOops enabled, and the Java Heap may be blocking the growth of the native heap
# Possible solutions:
#   Reduce memory load on the system
#   Increase physical memory or swap space
#   Check if swap backing store is full
#   Decrease Java heap size (-Xmx/-Xms)
#   Decrease number of Java threads
#   Decrease Java thread stack sizes (-Xss)
#   Set larger code cache with -XX:ReservedCodeCacheSize=
# This output file may be truncated or incomplete.
#
#  Out of Memory Error (t:/workspace/open/src/hotspot/os/windows/os_windows.cpp:3301), pid=30612, tid=18588
#
# JRE version:  (13.0.2+8) (build )
# Java VM: Java HotSpot(TM) 64-Bit Server VM (13.0.2+8, mixed mode, aot, sharing, tiered, compressed oops, g1 gc, windows-amd64)
# No core dump will be written. Minidumps are not enabled by default on client versions of Windows
#

---------------  S U M M A R Y ------------

Command Line: -Dfile.encoding=windows-1258 -Duser.country=US -Duser.language=en -Duser.variant Bai72.Main

Host: Intel(R) Core(TM) i5-4570 CPU @ 3.20GHz, 4 cores, 15G,  Windows 10 , 64 bit Build 18362 (10.0.18362.1110)
Time: Thu Dec  3 23:26:53 2020 SE Asia Standard Time elapsed time: 0 seconds (0d 0h 0m 0s)

---------------  T H R E A D  ---------------

Current thread (0x000001ef1a17d800):  JavaThread "Unknown thread" [_thread_in_vm, id=18588, stack(0x0000007aa0f00000,0x0000007aa1000000)]

Stack: [0x0000007aa0f00000,0x0000007aa1000000]
Native frames: (J=compiled Java code, j=interpreted, Vv=VM code, C=native code)
V  [jvm.dll+0x624f9a]
V  [jvm.dll+0x770cfa]
V  [jvm.dll+0x7724af]
V  [jvm.dll+0x772ab3]
V  [jvm.dll+0x24bf08]
V  [jvm.dll+0x6222aa]
V  [jvm.dll+0x6170b5]
V  [jvm.dll+0x30a88c]
V  [jvm.dll+0x30a6c2]
V  [jvm.dll+0x30fe36]
V  [jvm.dll+0x353f46]
V  [jvm.dll+0x353720]
V  [jvm.dll+0x2e550a]
V  [jvm.dll+0x2e67a2]
V  [jvm.dll+0x74dd78]
V  [jvm.dll+0x361989]
V  [jvm.dll+0x730e65]
V  [jvm.dll+0x3cc53f]
V  [jvm.dll+0x3ce861]
C  [jli.dll+0x51ff]
C  [ucrtbase.dll+0x210b2]
C  [KERNEL32.DLL+0x17c24]
C  [ntdll.dll+0x6d4d1]


---------------  P R O C E S S  ---------------

Threads class SMR info:
_java_thread_list=0x00007ffd52d0ccb8, length=0, elements={
}

Java Threads: ( => current thread )

Other Threads:
  0x000001ef1a1e8800 GCTaskThread "GC Thread#0" [stack: 0x0000007aa1000000,0x0000007aa1100000] [id=27868]
  0x000001ef1a20b000 ConcurrentGCThread "G1 Main Marker" [stack: 0x0000007aa1100000,0x0000007aa1200000] [id=27796]
  0x000001ef1a20d000 ConcurrentGCThread "G1 Conc#0" [stack: 0x0000007aa1200000,0x0000007aa1300000] [id=3396]

[error occurred during error reporting (printing all threads), id 0xc0000005, EXCEPTION_ACCESS_VIOLATION (0xc0000005) at pc=0x00007ffd525451d7]

VM state:not at safepoint (not fully initialized)

VM Mutex/Monitor currently owned by a thread:  ([mutex/lock_event])
[0x000001ef1a17a850] Heap_lock - owner thread: 0x000001ef1a17d800

Heap address: 0x0000000700e00000, size: 4082 MB, Compressed Oops mode: Non-zero based: 0x0000000700e00000
Narrow klass base: 0x0000000000000000, Narrow klass shift: 0

GC Heap History (0 events):
No events

Deoptimization events (0 events):
No events

Classes unloaded (0 events):
No events

Classes redefined (0 events):
No events

Internal exceptions (0 events):
No events

Events (8 events):
Event: 0.005 Loaded shared library C:\Program Files\Java\jdk-13.0.2\bin\zip.dll
Event: 0.006 Loaded shared library C:\Program Files\Java\jdk-13.0.2\bin\jimage.dll
Event: 0.006 Loading shared library C:\Program Files\Java\jdk-13.0.2\lib\libjava.base-coop.dll failed, error code 126
Event: 0.006 Loading shared library C:\Program Files\Java\jdk-13.0.2\lib\libjava.logging-coop.dll failed, error code 126
Event: 0.006 Loading shared library C:\Program Files\Java\jdk-13.0.2\lib\libjdk.compiler-coop.dll failed, error code 126
Event: 0.006 Loading shared library C:\Program Files\Java\jdk-13.0.2\lib\libjdk.scripting.nashorn-coop.dll failed, error code 126
Event: 0.007 Loading shared library C:\Program Files\Java\jdk-13.0.2\lib\libjdk.internal.vm.ci-coop.dll failed, error code 126
Event: 0.007 Loading shared library C:\Program Files\Java\jdk-13.0.2\lib\libjdk.internal.vm.compiler-coop.dll failed, error code 126


Dynamic libraries:
0x00007ff791d70000 - 0x00007ff791d7f000 	C:\Program Files\Java\jdk-13.0.2\bin\java.exe
0x00007ffdad4e0000 - 0x00007ffdad6d0000 	C:\Windows\SYSTEM32\ntdll.dll
0x00007ffdad330000 - 0x00007ffdad3e2000 	C:\Windows\System32\KERNEL32.DLL
0x00007ffdaa6b0000 - 0x00007ffdaa955000 	C:\Windows\System32\KERNELBASE.dll
0x00007ffdab460000 - 0x00007ffdab55a000 	C:\Windows\System32\ucrtbase.dll
0x00007ffd7f410000 - 0x00007ffd7f428000 	C:\Program Files\Java\jdk-13.0.2\bin\jli.dll
0x00007ffd9ab10000 - 0x00007ffd9ab25000 	C:\Program Files\Java\jdk-13.0.2\bin\VCRUNTIME140.dll
0x00007ffdad3f0000 - 0x00007ffdad493000 	C:\Windows\System32\ADVAPI32.dll
0x00007ffdac560000 - 0x00007ffdac5fe000 	C:\Windows\System32\msvcrt.dll
0x00007ffdab8a0000 - 0x00007ffdab937000 	C:\Windows\System32\sechost.dll
0x00007ffdac370000 - 0x00007ffdac490000 	C:\Windows\System32\RPCRT4.dll
0x00007ffdacf80000 - 0x00007ffdad114000 	C:\Windows\System32\USER32.dll
0x00007ffdaa5d0000 - 0x00007ffdaa5f1000 	C:\Windows\System32\win32u.dll
0x00007ffdab5a0000 - 0x00007ffdab5c6000 	C:\Windows\System32\GDI32.dll
0x00007ffdaaa00000 - 0x00007ffdaab96000 	C:\Windows\System32\gdi32full.dll
0x00007ffd950b0000 - 0x00007ffd95334000 	C:\Windows\WinSxS\amd64_microsoft.windows.common-controls_6595b64144ccf1df_6.0.18362.1198_none_9e820b57e45ad92f\COMCTL32.dll
0x00007ffdaa960000 - 0x00007ffdaa9fe000 	C:\Windows\System32\msvcp_win.dll
0x00007ffdab9f0000 - 0x00007ffdabd25000 	C:\Windows\System32\combase.dll
0x00007ffdab3e0000 - 0x00007ffdab460000 	C:\Windows\System32\bcryptPrimitives.dll
0x00007ffda4940000 - 0x00007ffda494a000 	C:\Windows\SYSTEM32\VERSION.dll
0x00007ffdad290000 - 0x00007ffdad2be000 	C:\Windows\System32\IMM32.DLL
0x00007ffd81e20000 - 0x00007ffd81ebb000 	C:\Program Files\Java\jdk-13.0.2\bin\msvcp140.dll
0x00007ffd52250000 - 0x00007ffd52dad000 	C:\Program Files\Java\jdk-13.0.2\bin\server\jvm.dll
0x00007ffdab800000 - 0x00007ffdab808000 	C:\Windows\System32\PSAPI.DLL
0x00007ffda8420000 - 0x00007ffda8444000 	C:\Windows\SYSTEM32\WINMM.dll
0x00007ffd9e070000 - 0x00007ffd9e079000 	C:\Windows\SYSTEM32\WSOCK32.dll
0x00007ffdad2c0000 - 0x00007ffdad32f000 	C:\Windows\System32\WS2_32.dll
0x00007ffda83c0000 - 0x00007ffda83ed000 	C:\Windows\SYSTEM32\WINMMBASE.dll
0x00007ffdab390000 - 0x00007ffdab3da000 	C:\Windows\System32\cfgmgr32.dll
0x00007ffdaa3a0000 - 0x00007ffdaa3b1000 	C:\Windows\System32\kernel.appcore.dll
0x00007ffd9e060000 - 0x00007ffd9e070000 	C:\Program Files\Java\jdk-13.0.2\bin\verify.dll
0x00007ffd9c770000 - 0x00007ffd9c964000 	C:\Windows\SYSTEM32\DBGHELP.DLL
0x00007ffd9c5b0000 - 0x00007ffd9c5da000 	C:\Windows\SYSTEM32\dbgcore.DLL
0x00007ffd9a300000 - 0x00007ffd9a326000 	C:\Program Files\Java\jdk-13.0.2\bin\java.dll
0x00007ffd99680000 - 0x00007ffd99697000 	C:\Program Files\Java\jdk-13.0.2\bin\zip.dll
0x00007ffd9b1c0000 - 0x00007ffd9b1ca000 	C:\Program Files\Java\jdk-13.0.2\bin\jimage.dll

dbghelp: loaded successfully - version: 4.0.5 - missing functions: none
symbol engine: initialized successfully - sym options: 0x614 - pdb path: .;C:\Program Files\Java\jdk-13.0.2\bin;C:\Windows\SYSTEM32;C:\Windows\WinSxS\amd64_microsoft.windows.common-controls_6595b64144ccf1df_6.0.18362.1198_none_9e820b57e45ad92f;C:\Program Files\Java\jdk-13.0.2\bin\server

VM Arguments:
jvm_args: -Dfile.encoding=windows-1258 -Duser.country=US -Duser.language=en -Duser.variant 
java_command: Bai72.Main
java_class_path (initial): C:\Users\vmtni\OneDrive\Documents\NetBeansProjects\Java_Module8\build\classes\java\main;C:\Users\vmtni\OneDrive\Documents\NetBeansProjects\Java_Module8\build\resources\main
Launcher Type: SUN_STANDARD

[Global flags]
     intx CICompilerCount                          = 3                                         {product} {ergonomic}
     uint ConcGCThreads                            = 1                                         {product} {ergonomic}
     uint G1ConcRefinementThreads                  = 4                                         {product} {ergonomic}
   size_t G1HeapRegionSize                         = 1048576                                   {product} {ergonomic}
    uintx GCDrainStackTargetSize                   = 64                                        {product} {ergonomic}
   size_t InitialHeapSize                          = 268435456                                 {product} {ergonomic}
   size_t MarkStackSize                            = 4194304                                   {product} {ergonomic}
   size_t MaxHeapSize                              = 4280287232                                {product} {ergonomic}
   size_t MinHeapDeltaBytes                        = 1048576                                   {product} {ergonomic}
   size_t MinHeapSize                              = 8388608                                   {product} {ergonomic}
    uintx NonNMethodCodeHeapSize                   = 5832780                                {pd product} {ergonomic}
    uintx NonProfiledCodeHeapSize                  = 122912730                              {pd product} {ergonomic}
    uintx ProfiledCodeHeapSize                     = 122912730                              {pd product} {ergonomic}
    uintx ReservedCodeCacheSize                    = 251658240                              {pd product} {ergonomic}
     bool SegmentedCodeCache                       = true                                      {product} {ergonomic}
   size_t SoftMaxHeapSize                          = 4280287232                             {manageable} {ergonomic}
     bool UseCompressedClassPointers               = true                                 {lp64_product} {ergonomic}
     bool UseCompressedOops                        = true                                 {lp64_product} {ergonomic}
     bool UseG1GC                                  = true                                      {product} {ergonomic}
     bool UseLargePagesIndividualAllocation        = false                                  {pd product} {ergonomic}

Logging:
Log output configuration:
 #0: stdout all=warning uptime,level,tags
 #1: stderr all=off uptime,level,tags

Environment Variables:
PATH=C:\Windows\system32;C:\Windows;C:\Windows\System32\Wbem;C:\Windows\System32\WindowsPowerShell\v1.0\;C:\Windows\System32\OpenSSH\;C:\Program Files\Java\jdk-13.0.2\bin;C:\Program Files\Microsoft SQL Server\Client SDK\ODBC\170\Tools\Binn\;C:\Program Files (x86)\Microsoft SQL Server\150\Tools\Binn\;C:\Program Files\Microsoft SQL Server\150\Tools\Binn\;C:\Program Files\Microsoft SQL Server\150\DTS\Binn\;C:\Program Files (x86)\Microsoft SQL Server\150\DTS\Binn\;C:\Program Files\Git\cmd;C:\Program Files\dotnet\;C:\Users\vmtni\AppData\Local\Programs\Python\Python38-32\Scripts\;C:\Users\vmtni\AppData\Local\Programs\Python\Python38-32\;C:\Users\vmtni\AppData\Local\Microsoft\WindowsApps;;C:\Users\vmtni\AppData\Local\Programs\Microsoft VS Code\bin;C:\Users\vmtni\.dotnet\tools;C:\Program Files\JetBrains\PyCharm Community Edition 2020.2.3\bin;
USERNAME=vmtni
OS=Windows_NT
PROCESSOR_IDENTIFIER=Intel64 Family 6 Model 60 Stepping 3, GenuineIntel



---------------  S Y S T E M  ---------------

OS: Windows 10 , 64 bit Build 18362 (10.0.18362.1110)

CPU:total 4 (initial active 4) (4 cores per cpu, 1 threads per core) family 6 model 60 stepping 3, cmov, cx8, fxsr, mmx, sse, sse2, sse3, ssse3, sse4.1, sse4.2, popcnt, avx, avx2, aes, clmul, erms, lzcnt, tsc, tscinvbit, bmi1, bmi2, fma

Memory: 4k page, system-wide physical 16326M (3550M free)
TotalPageFile size 40787M (AvailPageFile size 198M)
current process WorkingSet (physical memory assigned to process): 10M, peak: 10M
current process commit charge ("private bytes"): 52M, peak: 308M

vm_info: Java HotSpot(TM) 64-Bit Server VM (13.0.2+8) for windows-amd64 JRE (13.0.2+8), built on Dec 11 2019 09:20:33 by "mach5one" with unknown MS VC++:1916

END.
